<?xml version="1.0" encoding="UTF-8"?>
<testng-results skipped="0" failed="0" ignored="0" total="1" passed="1">
  <reporter-output>
  </reporter-output>
  <suite name="Default suite" duration-ms="6914" started-at="2020-08-02T21:24:22 IST" finished-at="2020-08-02T21:24:29 IST">
    <groups>
    </groups>
    <test name="Default test" duration-ms="6914" started-at="2020-08-02T21:24:22 IST" finished-at="2020-08-02T21:24:29 IST">
      <class name="test.QueryParameterRequest">
        <test-method status="PASS" signature="QueryTest()[pri:0, instance:test.QueryParameterRequest@887af79]" name="QueryTest" duration-ms="6775" started-at="2020-08-02T21:24:22 IST" finished-at="2020-08-02T21:24:29 IST">
          <reporter-output>
          </reporter-output>
        </test-method> <!-- QueryTest -->
      </class> <!-- test.QueryParameterRequest -->
    </test> <!-- Default test -->
  </suite> <!-- Default suite -->
</testng-results>
