<?xml version="1.0" encoding="UTF-8"?>
<!-- Generated by org.testng.reporters.JUnitXMLReporter -->
<testsuite hostname="Nithesh-Gowda" ignored="0" name="Surefire test" tests="11" failures="0" timestamp="08 Jun 2020 06:40:01 GMT" time="273.802" errors="0">
  <testcase name="createContact" time="14.513" classname="com.vTiger.testscripts.CreateContactTest"/>
  <testcase name="createContact" time="12.615" classname="com.vTiger.testscripts.CreateContactTest"/>
  <testcase name="createLead" time="22.148" classname="com.vTiger.testscripts.CreateLeadTest"/>
  <testcase name="createLead" time="15.24" classname="com.vTiger.testscripts.CreateLeadTest"/>
  <testcase name="createOrganization" time="15.187" classname="com.vTiger.testscripts.CreateOrganizationTest"/>
  <testcase name="createproduct" time="15.102" classname="com.vTiger.testscripts.CreateProductTest"/>
  <testcase name="createVendor" time="14.107" classname="com.vTiger.testscripts.CreateVendorTest"/>
  <testcase name="deleteAllContact" time="9.238" classname="com.vTiger.testscripts.DeleteAllContactTest"/>
  <testcase name="deleteOrg" time="8.905" classname="com.vTiger.testscripts.DeleteAllOrganizatioTest"/>
  <testcase name="deleteLead" time="7.554" classname="com.vTiger.testscripts.DeleteLeadTest"/>
  <testcase name="deletevendor" time="5.961" classname="com.vTiger.testscripts.DeleteVendorTest"/>
</testsuite> <!-- Surefire test -->
