<?xml version="1.0" encoding="UTF-8"?>
<testsuite xmlns:xsi="http://www.w3.org/2001/XMLSchema-instance" xsi:noNamespaceSchemaLocation="https://maven.apache.org/surefire/maven-surefire-plugin/xsd/surefire-test-report.xsd" name="TestSuite" time="275.181" tests="12" errors="0" skipped="0" failures="0">
  <properties>
[...]
</properties>
  <testcase name="createContact" classname="com.vTiger.testscripts.CreateContactTest" time="14.513"/>
  <testcase name="createContact" classname="com.vTiger.testscripts.CreateContactTest" time="12.614"/>
  <testcase name="createLead" classname="com.vTiger.testscripts.CreateLeadTest" time="22.147"/>
  <testcase name="createLead" classname="com.vTiger.testscripts.CreateLeadTest" time="15.241"/>
  <testcase name="createOrganization" classname="com.vTiger.testscripts.CreateOrganizationTest" time="15.187"/>
  <testcase name="createproduct" classname="com.vTiger.testscripts.CreateProductTest" time="15.102"/>
  <testcase name="createVendor" classname="com.vTiger.testscripts.CreateVendorTest" time="14.106"/>
  <testcase name="deleteAllContact" classname="com.vTiger.testscripts.DeleteAllContactTest" time="9.226"/>
  <testcase name="deleteOrg" classname="com.vTiger.testscripts.DeleteAllOrganizatioTest" time="8.906"/>
  <testcase name="deleteLead" classname="com.vTiger.testscripts.DeleteLeadTest" time="7.551"/>
  <testcase name="deletevendor" classname="com.vTiger.testscripts.DeleteVendorTest" time="5.963"/>
  <testcase name="shouldAnswerWithTrue on shouldAnswerWithTrue(com.vTigerMaven.AppTest)" classname="com.vTigerMaven.AppTest" time="0.001"/>
</testsuite>