<?xml version="1.0" encoding="UTF-8"?>
<!-- Generated by org.testng.reporters.JUnitXMLReporter -->
<testsuite hostname="Nithesh-Gowda" ignored="0" name="Test" tests="2" failures="0" timestamp="2020-08-06T20:09:04 IST" time="101.561" errors="0">
  <testcase name="createOrganizationByorgNameTest" time="29.333" classname="com.Nithesh.OrgTest.CreateOrganizationTest"/>
  <testcase name="createOrganizationTest" time="30.198" classname="com.Nithesh.OrgTest.CreateOrganizationTest"/>
</testsuite> <!-- Test -->
