<?xml version="1.0" encoding="UTF-8"?>
<testng-results skipped="0" failed="0" ignored="0" total="1" passed="1">
  <reporter-output>
  </reporter-output>
  <suite name="Default suite" duration-ms="14541" started-at="2020-06-03T11:47:04 IST" finished-at="2020-06-03T11:47:18 IST">
    <groups>
    </groups>
    <test name="Default test" duration-ms="14541" started-at="2020-06-03T11:47:04 IST" finished-at="2020-06-03T11:47:18 IST">
      <class name="testNg.DoubleclickAction">
        <test-method status="PASS" signature="copyPasteText()[pri:0, instance:testNg.DoubleclickAction@6e6c3152]" name="copyPasteText" duration-ms="14410" started-at="2020-06-03T11:47:04 IST" finished-at="2020-06-03T11:47:18 IST">
          <reporter-output>
          </reporter-output>
        </test-method> <!-- copyPasteText -->
      </class> <!-- testNg.DoubleclickAction -->
    </test> <!-- Default test -->
  </suite> <!-- Default suite -->
</testng-results>
