<?xml version="1.0" encoding="UTF-8"?>
<testng-results skipped="0" failed="0" ignored="0" total="2" passed="2">
  <reporter-output>
  </reporter-output>
  <suite name="Default suite" duration-ms="1309" started-at="2020-08-01T17:19:51 IST" finished-at="2020-08-01T17:19:52 IST">
    <groups>
    </groups>
    <test name="Default test" duration-ms="1309" started-at="2020-08-01T17:19:51 IST" finished-at="2020-08-01T17:19:52 IST">
      <class name="dataProvider.DataProvideFromExcel">
        <test-method status="PASS" signature="details(java.lang.String, java.lang.String, java.lang.String, java.lang.String, java.lang.String, java.lang.String, java.lang.String, java.lang.String, java.lang.String, java.lang.String, java.lang.String)[pri:0, instance:dataProvider.DataProvideFromExcel@1c3a4799]" name="details" duration-ms="14" started-at="2020-08-01T17:19:52 IST" data-provider="readExcel" finished-at="2020-08-01T17:19:52 IST">
          <params>
            <param index="0">
              <value>
                <![CDATA[Google]]>
              </value>
            </param>
            <param index="1">
              <value>
                <![CDATA[www.google.com]]>
              </value>
            </param>
            <param index="2">
              <value>
                <![CDATA[vjh]]>
              </value>
            </param>
            <param index="3">
              <value>
                <![CDATA[98000]]>
              </value>
            </param>
            <param index="4">
              <value>
                <![CDATA[Technology]]>
              </value>
            </param>
            <param index="5">
              <value>
                <![CDATA[Investor]]>
              </value>
            </param>
            <param index="6">
              <value>
                <![CDATA[100]]>
              </value>
            </param>
            <param index="7">
              <value>
                <![CDATA[12345]]>
              </value>
            </param>
            <param index="8">
              <value>
                <![CDATA[987654321]]>
              </value>
            </param>
            <param index="9">
              <value>
                <![CDATA[www.google@gmail.com]]>
              </value>
            </param>
            <param index="10">
              <value>
                <![CDATA[Alphabet]]>
              </value>
            </param>
          </params>
          <reporter-output>
          </reporter-output>
        </test-method> <!-- details -->
        <test-method status="PASS" signature="details(java.lang.String, java.lang.String, java.lang.String, java.lang.String, java.lang.String, java.lang.String, java.lang.String, java.lang.String, java.lang.String, java.lang.String, java.lang.String)[pri:0, instance:dataProvider.DataProvideFromExcel@1c3a4799]" name="details" duration-ms="6" started-at="2020-08-01T17:19:52 IST" data-provider="readExcel" finished-at="2020-08-01T17:19:52 IST">
          <params>
            <param index="0">
              <value>
                <![CDATA[FaceBook]]>
              </value>
            </param>
            <param index="1">
              <value>
                <![CDATA[www.facebook.com]]>
              </value>
            </param>
            <param index="2">
              <value>
                <![CDATA[Jgdhj]]>
              </value>
            </param>
            <param index="3">
              <value>
                <![CDATA[5000]]>
              </value>
            </param>
            <param index="4">
              <value>
                <![CDATA[Technology]]>
              </value>
            </param>
            <param index="5">
              <value>
                <![CDATA[Investor]]>
              </value>
            </param>
            <param index="6">
              <value>
                <![CDATA[200]]>
              </value>
            </param>
            <param index="7">
              <value>
                <![CDATA[3456]]>
              </value>
            </param>
            <param index="8">
              <value>
                <![CDATA[123456]]>
              </value>
            </param>
            <param index="9">
              <value>
                <![CDATA[www.fb@gmail.com]]>
              </value>
            </param>
            <param index="10">
              <value>
                <![CDATA[Mack]]>
              </value>
            </param>
          </params>
          <reporter-output>
          </reporter-output>
        </test-method> <!-- details -->
      </class> <!-- dataProvider.DataProvideFromExcel -->
    </test> <!-- Default test -->
  </suite> <!-- Default suite -->
</testng-results>
