<?xml version="1.0" encoding="UTF-8"?>
<!-- Generated by org.testng.reporters.JUnitXMLReporter -->
<testsuite hostname="Nithesh-Gowda" ignored="0" name="Test" tests="1" failures="1" timestamp="2020-06-05T11:49:31 IST" time="12.21" errors="0">
  <testcase name="createOrganization" time="1.07" classname="com.vTiger.testScripts.CreateOrganozation">
    <failure type="org.testng.internal.reflect.MethodMatcherException" message="
[public void com.vTiger.testScripts.CreateOrganozation.createOrganization(java.lang.String,java.lang.String,java.lang.String,java.lang.String)] has no parameters defined but was found to be using a data provider (either explicitly specified or inherited from class level annotation).
Data provider mismatch
Method: createOrganization([Parameter{index=0, type=java.lang.String, declaredAnnotations=[]}, Parameter{index=1, type=java.lang.String, declaredAnnotations=[]}, Parameter{index=2, type=java.lang.String, declaredAnnotations=[]}, Parameter{index=3, type=java.lang.String, declaredAnnotations=[]}])
Arguments: [(java.lang.String) google,(java.lang.String) www.google.com,(java.lang.String) G1,(java.lang.String) 123,(java.lang.String) ,null,null,null,null,null,null,null]">
      <![CDATA[org.testng.internal.reflect.MethodMatcherException: 
[public void com.vTiger.testScripts.CreateOrganozation.createOrganization(java.lang.String,java.lang.String,java.lang.String,java.lang.String)] has no parameters defined but was found to be using a data provider (either explicitly specified or inherited from class level annotation).
Data provider mismatch
Method: createOrganization([Parameter{index=0, type=java.lang.String, declaredAnnotations=[]}, Parameter{index=1, type=java.lang.String, declaredAnnotations=[]}, Parameter{index=2, type=java.lang.String, declaredAnnotations=[]}, Parameter{index=3, type=java.lang.String, declaredAnnotations=[]}])
Arguments: [(java.lang.String) google,(java.lang.String) www.google.com,(java.lang.String) G1,(java.lang.String) 123,(java.lang.String) ,null,null,null,null,null,null,null]
at java.util.ArrayList.forEach(Unknown Source)
... Removed 22 stack frames]]>
    </failure>
  </testcase> <!-- createOrganization -->
</testsuite> <!-- Test -->
